<?xml version="1.0" encoding="UTF-8"?>
<coverage generated="1678897886585" clover="3.2.0">
  <project timestamp="1678897886585" name="All files">
    <metrics statements="19" coveredstatements="18" conditionals="18" coveredconditionals="17" methods="3" coveredmethods="3" elements="40" coveredelements="38" complexity="0" loc="19" ncloc="19" packages="1" files="1" classes="1"/>
    <file name="gendiff.js" path="/home/vladimir/frontend-project-46/src/gendiff.js">
      <metrics statements="19" coveredstatements="18" conditionals="18" coveredconditionals="17" methods="3" coveredmethods="3"/>
      <line num="6" count="1" type="stmt"/>
      <line num="7" count="5" type="cond" truecount="5" falsecount="0"/>
      <line num="8" count="1" type="stmt"/>
      <line num="10" count="4" type="cond" truecount="5" falsecount="0"/>
      <line num="11" count="1" type="stmt"/>
      <line num="13" count="3" type="cond" truecount="4" falsecount="0"/>
      <line num="14" count="2" type="stmt"/>
      <line num="16" count="1" type="cond" truecount="3" falsecount="1"/>
      <line num="17" count="1" type="stmt"/>
      <line num="19" count="0" type="stmt"/>
      <line num="22" count="1" type="stmt"/>
      <line num="23" count="1" type="stmt"/>
      <line num="24" count="1" type="stmt"/>
      <line num="25" count="1" type="stmt"/>
      <line num="26" count="1" type="stmt"/>
      <line num="27" count="1" type="stmt"/>
      <line num="28" count="5" type="stmt"/>
      <line num="29" count="1" type="stmt"/>
      <line num="30" count="1" type="stmt"/>
    </file>
  </project>
</coverage>
