{"/home/vladimir/frontend-project-46/src/gendiff.js": {"path":"/home/vladimir/frontend-project-46/src/gendiff.js","statementMap":{"0":{"start":{"line":6,"column":16},"end":{"line":20,"column":1}},"1":{"start":{"line":7,"column":2},"end":{"line":9,"column":3}},"2":{"start":{"line":8,"column":4},"end":{"line":8,"column":51}},"3":{"start":{"line":10,"column":2},"end":{"line":12,"column":3}},"4":{"start":{"line":11,"column":4},"end":{"line":11,"column":82}},"5":{"start":{"line":13,"column":2},"end":{"line":15,"column":3}},"6":{"start":{"line":14,"column":4},"end":{"line":14,"column":51}},"7":{"start":{"line":16,"column":2},"end":{"line":18,"column":3}},"8":{"start":{"line":17,"column":4},"end":{"line":17,"column":51}},"9":{"start":{"line":19,"column":2},"end":{"line":19,"column":14}},"10":{"start":{"line":22,"column":16},"end":{"line":31,"column":1}},"11":{"start":{"line":23,"column":18},"end":{"line":23,"column":23}},"12":{"start":{"line":24,"column":15},"end":{"line":24,"column":82}},"13":{"start":{"line":25,"column":15},"end":{"line":25,"column":82}},"14":{"start":{"line":26,"column":15},"end":{"line":26,"column":67}},"15":{"start":{"line":27,"column":21},"end":{"line":27,"column":35}},"16":{"start":{"line":28,"column":21},"end":{"line":28,"column":87}},"17":{"start":{"line":28,"column":53},"end":{"line":28,"column":82}},"18":{"start":{"line":29,"column":21},"end":{"line":29,"column":42}},"19":{"start":{"line":30,"column":2},"end":{"line":30,"column":31}}},"fnMap":{"0":{"name":"(anonymous_0)","decl":{"start":{"line":6,"column":16},"end":{"line":6,"column":17}},"loc":{"start":{"line":6,"column":48},"end":{"line":20,"column":1}},"line":6},"1":{"name":"(anonymous_1)","decl":{"start":{"line":22,"column":16},"end":{"line":22,"column":17}},"loc":{"start":{"line":22,"column":42},"end":{"line":31,"column":1}},"line":22},"2":{"name":"(anonymous_2)","decl":{"start":{"line":28,"column":39},"end":{"line":28,"column":40}},"loc":{"start":{"line":28,"column":53},"end":{"line":28,"column":82}},"line":28}},"branchMap":{"0":{"loc":{"start":{"line":7,"column":2},"end":{"line":9,"column":3}},"type":"if","locations":[{"start":{"line":7,"column":2},"end":{"line":9,"column":3}},{"start":{},"end":{}}],"line":7},"1":{"loc":{"start":{"line":7,"column":6},"end":{"line":7,"column":81}},"type":"binary-expr","locations":[{"start":{"line":7,"column":6},"end":{"line":7,"column":25}},{"start":{"line":7,"column":29},"end":{"line":7,"column":48}},{"start":{"line":7,"column":52},"end":{"line":7,"column":81}}],"line":7},"2":{"loc":{"start":{"line":10,"column":2},"end":{"line":12,"column":3}},"type":"if","locations":[{"start":{"line":10,"column":2},"end":{"line":12,"column":3}},{"start":{},"end":{}}],"line":10},"3":{"loc":{"start":{"line":10,"column":6},"end":{"line":10,"column":81}},"type":"binary-expr","locations":[{"start":{"line":10,"column":6},"end":{"line":10,"column":25}},{"start":{"line":10,"column":29},"end":{"line":10,"column":48}},{"start":{"line":10,"column":52},"end":{"line":10,"column":81}}],"line":10},"4":{"loc":{"start":{"line":13,"column":2},"end":{"line":15,"column":3}},"type":"if","locations":[{"start":{"line":13,"column":2},"end":{"line":15,"column":3}},{"start":{},"end":{}}],"line":13},"5":{"loc":{"start":{"line":13,"column":6},"end":{"line":13,"column":49}},"type":"binary-expr","locations":[{"start":{"line":13,"column":6},"end":{"line":13,"column":25}},{"start":{"line":13,"column":29},"end":{"line":13,"column":49}}],"line":13},"6":{"loc":{"start":{"line":16,"column":2},"end":{"line":18,"column":3}},"type":"if","locations":[{"start":{"line":16,"column":2},"end":{"line":18,"column":3}},{"start":{},"end":{}}],"line":16},"7":{"loc":{"start":{"line":16,"column":6},"end":{"line":16,"column":49}},"type":"binary-expr","locations":[{"start":{"line":16,"column":6},"end":{"line":16,"column":26}},{"start":{"line":16,"column":30},"end":{"line":16,"column":49}}],"line":16}},"s":{"0":1,"1":5,"2":1,"3":4,"4":1,"5":3,"6":2,"7":1,"8":1,"9":0,"10":1,"11":1,"12":1,"13":1,"14":1,"15":1,"16":1,"17":5,"18":1,"19":1},"f":{"0":5,"1":1,"2":5},"b":{"0":[1,4],"1":[5,4,2],"2":[1,3],"3":[4,3,1],"4":[2,1],"5":[3,2],"6":[1,0],"7":[1,1]},"_coverageSchema":"1a1c01bbd47fc00a2c39e90264f33305004495a9","hash":"28bdff4cd3534933c26342352940885b2ac90c9e"}
}
