TN:
SF:src/gendiff.js
FN:6,(anonymous_0)
FN:22,(anonymous_1)
FN:28,(anonymous_2)
FNF:3
FNH:3
FNDA:5,(anonymous_0)
FNDA:1,(anonymous_1)
FNDA:5,(anonymous_2)
DA:6,1
DA:7,5
DA:8,1
DA:10,4
DA:11,1
DA:13,3
DA:14,2
DA:16,1
DA:17,1
DA:19,0
DA:22,1
DA:23,1
DA:24,1
DA:25,1
DA:26,1
DA:27,1
DA:28,5
DA:29,1
DA:30,1
LF:19
LH:18
BRDA:7,0,0,1
BRDA:7,0,1,4
BRDA:7,1,0,5
BRDA:7,1,1,4
BRDA:7,1,2,2
BRDA:10,2,0,1
BRDA:10,2,1,3
BRDA:10,3,0,4
BRDA:10,3,1,3
BRDA:10,3,2,1
BRDA:13,4,0,2
BRDA:13,4,1,1
BRDA:13,5,0,3
BRDA:13,5,1,2
BRDA:16,6,0,1
BRDA:16,6,1,0
BRDA:16,7,0,1
BRDA:16,7,1,1
BRF:18
BRH:17
end_of_record
